# JRE version: Java(TM) SE Runtime Environment 18.9 (11.0.11+9) (build 11.0.11+9-LTS-194)
# Java VM: Java HotSpot(TM) 64-Bit Server VM 18.9 (11.0.11+9-LTS-194, mixed mode, tiered, compressed oops, g1 gc, windows-amd64)
Heap:
 garbage-first heap   total 522240K, used 97198K [0x0000000602800000, 0x0000000800000000)
  region size 2048K, 36 young (73728K), 1 survivors (2048K)
 Metaspace       used 44464K, capacity 45287K, committed 45644K, reserved 1089536K
  class space    used 4993K, capacity 5330K, committed 5452K, reserved 1048576K
GC Heap History (8 events):
Event: 0.829 GC heap before
{Heap before GC invocations=0 (full 0):
 garbage-first heap   total 522240K, used 22528K [0x0000000602800000, 0x0000000800000000)
  region size 2048K, 12 young (24576K), 0 survivors (0K)
 Metaspace       used 20646K, capacity 21111K, committed 21248K, reserved 1069056K
  class space    used 2231K, capacity 2470K, committed 2560K, reserved 1048576K
}
Event: 0.833 GC heap after
{Heap after GC invocations=1 (full 0):
 garbage-first heap   total 522240K, used 6068K [0x0000000602800000, 0x0000000800000000)
  region size 2048K, 2 young (4096K), 2 survivors (4096K)
 Metaspace       used 20646K, capacity 21111K, committed 21248K, reserved 1069056K
  class space    used 2231K, capacity 2470K, committed 2560K, reserved 1048576K
}
Event: 2.152 GC heap before
{Heap before GC invocations=2 (full 0):
 garbage-first heap   total 522240K, used 26548K [0x0000000602800000, 0x0000000800000000)
  region size 2048K, 12 young (24576K), 2 survivors (4096K)
 Metaspace       used 29444K, capacity 30031K, committed 30336K, reserved 1075200K
  class space    used 3401K, capacity 3648K, committed 3712K, reserved 1048576K
}
Event: 2.156 GC heap after
{Heap after GC invocations=3 (full 0):
 garbage-first heap   total 522240K, used 9341K [0x0000000602800000, 0x0000000800000000)
  region size 2048K, 2 young (4096K), 2 survivors (4096K)
 Metaspace       used 29444K, capacity 30031K, committed 30336K, reserved 1075200K
  class space    used 3401K, capacity 3648K, committed 3712K, reserved 1048576K
}
Event: 19.770 GC heap before
{Heap before GC invocations=3 (full 0):
 garbage-first heap   total 522240K, used 78973K [0x0000000602800000, 0x0000000800000000)
  region size 2048K, 25 young (51200K), 2 survivors (4096K)
 Metaspace       used 34137K, capacity 34792K, committed 34944K, reserved 1079296K
  class space    used 3832K, capacity 4123K, committed 4224K, reserved 1048576K
}
Event: 19.773 GC heap after
{Heap after GC invocations=4 (full 0):
 garbage-first heap   total 522240K, used 23066K [0x0000000602800000, 0x0000000800000000)
  region size 2048K, 4 young (8192K), 4 survivors (8192K)
 Metaspace       used 34137K, capacity 34792K, committed 34944K, reserved 1079296K
  class space    used 3832K, capacity 4123K, committed 4224K, reserved 1048576K
}
Event: 129.278 GC heap before
{Heap before GC invocations=4 (full 0):
 garbage-first heap   total 522240K, used 51738K [0x0000000602800000, 0x0000000800000000)
  region size 2048K, 19 young (38912K), 4 survivors (8192K)
 Metaspace       used 35133K, capacity 35794K, committed 35840K, reserved 1081344K
  class space    used 3921K, capacity 4202K, committed 4224K, reserved 1048576K
}
Event: 129.282 GC heap after
{Heap after GC invocations=5 (full 0):
 garbage-first heap   total 522240K, used 21422K [0x0000000602800000, 0x0000000800000000)
  region size 2048K, 1 young (2048K), 1 survivors (2048K)
 Metaspace       used 35133K, capacity 35794K, committed 35840K, reserved 1081344K
  class space    used 3921K, capacity 4202K, committed 4224K, reserved 1048576K
}

