# JRE version: Java(TM) SE Runtime Environment 18.9 (11.0.11+9) (build 11.0.11+9-LTS-194)
# Java VM: Java HotSpot(TM) 64-Bit Server VM 18.9 (11.0.11+9-LTS-194, mixed mode, tiered, compressed oops, g1 gc, windows-amd64)
Heap:
 garbage-first heap   total 96256K, used 21805K [0x0000000602800000, 0x0000000800000000)
  region size 2048K, 1 young (2048K), 0 survivors (0K)
 Metaspace       used 35042K, capacity 35730K, committed 35968K, reserved 1081344K
  class space    used 3907K, capacity 4199K, committed 4224K, reserved 1048576K
GC Heap History (10 events):
Event: 2.425 GC heap before
{Heap before GC invocations=2 (full 0):
 garbage-first heap   total 522240K, used 26652K [0x0000000602800000, 0x0000000800000000)
  region size 2048K, 12 young (24576K), 2 survivors (4096K)
 Metaspace       used 29190K, capacity 29758K, committed 30080K, reserved 1075200K
  class space    used 3367K, capacity 3596K, committed 3712K, reserved 1048576K
}
Event: 2.429 GC heap after
{Heap after GC invocations=3 (full 0):
 garbage-first heap   total 522240K, used 9613K [0x0000000602800000, 0x0000000800000000)
  region size 2048K, 2 young (4096K), 2 survivors (4096K)
 Metaspace       used 29190K, capacity 29758K, committed 30080K, reserved 1075200K
  class space    used 3367K, capacity 3596K, committed 3712K, reserved 1048576K
}
Event: 40.509 GC heap before
{Heap before GC invocations=3 (full 0):
 garbage-first heap   total 522240K, used 69005K [0x0000000602800000, 0x0000000800000000)
  region size 2048K, 21 young (43008K), 2 survivors (4096K)
 Metaspace       used 32754K, capacity 33459K, committed 33792K, reserved 1079296K
  class space    used 3715K, capacity 3997K, committed 4096K, reserved 1048576K
}
Event: 40.527 GC heap after
{Heap after GC invocations=4 (full 1):
 garbage-first heap   total 96256K, used 19417K [0x0000000602800000, 0x0000000800000000)
  region size 2048K, 0 young (0K), 0 survivors (0K)
 Metaspace       used 32754K, capacity 33459K, committed 33792K, reserved 1079296K
  class space    used 3715K, capacity 3997K, committed 4096K, reserved 1048576K
}
Event: 87.420 GC heap before
{Heap before GC invocations=4 (full 1):
 garbage-first heap   total 96256K, used 43993K [0x0000000602800000, 0x0000000800000000)
  region size 2048K, 13 young (26624K), 0 survivors (0K)
 Metaspace       used 34776K, capacity 35470K, committed 35712K, reserved 1081344K
  class space    used 3900K, capacity 4198K, committed 4224K, reserved 1048576K
}
Event: 87.421 GC heap after
{Heap after GC invocations=5 (full 1):
 garbage-first heap   total 96256K, used 21961K [0x0000000602800000, 0x0000000800000000)
  region size 2048K, 2 young (4096K), 2 survivors (4096K)
 Metaspace       used 34776K, capacity 35470K, committed 35712K, reserved 1081344K
  class space    used 3900K, capacity 4198K, committed 4224K, reserved 1048576K
}
Event: 101.485 GC heap before
{Heap before GC invocations=5 (full 1):
 garbage-first heap   total 96256K, used 52681K [0x0000000602800000, 0x0000000800000000)
  region size 2048K, 12 young (24576K), 2 survivors (4096K)
 Metaspace       used 34918K, capacity 35599K, committed 35712K, reserved 1081344K
  class space    used 3906K, capacity 4198K, committed 4224K, reserved 1048576K
}
Event: 101.487 GC heap after
{Heap after GC invocations=6 (full 1):
 garbage-first heap   total 96256K, used 23333K [0x0000000602800000, 0x0000000800000000)
  region size 2048K, 2 young (4096K), 2 survivors (4096K)
 Metaspace       used 34918K, capacity 35599K, committed 35712K, reserved 1081344K
  class space    used 3906K, capacity 4198K, committed 4224K, reserved 1048576K
}
Event: 113.638 GC heap before
{Heap before GC invocations=7 (full 1):
 garbage-first heap   total 96256K, used 62245K [0x0000000602800000, 0x0000000800000000)
  region size 2048K, 14 young (28672K), 2 survivors (4096K)
 Metaspace       used 35042K, capacity 35730K, committed 35968K, reserved 1081344K
  class space    used 3907K, capacity 4199K, committed 4224K, reserved 1048576K
}
Event: 113.656 GC heap after
{Heap after GC invocations=8 (full 2):
 garbage-first heap   total 96256K, used 21805K [0x0000000602800000, 0x0000000800000000)
  region size 2048K, 0 young (0K), 0 survivors (0K)
 Metaspace       used 35042K, capacity 35730K, committed 35968K, reserved 1081344K
  class space    used 3907K, capacity 4199K, committed 4224K, reserved 1048576K
}

