# JRE version: OpenJDK Runtime Environment (15.0.2+7) (build 15.0.2+7-27)
# Java VM: OpenJDK 64-Bit Server VM (15.0.2+7-27, mixed mode, sharing, tiered, compressed oops, g1 gc, windows-amd64)
GC Precious Log:
 CPUs: 12 total, 12 available
 Memory: 16294M
 Large Page Support: Disabled
 NUMA Support: Disabled
 Compressed Oops: Enabled (Zero based)
 Heap Region Size: 2M
 Heap Min Capacity: 8M
 Heap Initial Capacity: 256M
 Heap Max Capacity: 4074M
 Pre-touch: Disabled
 Parallel Workers: 10
 Concurrent Workers: 3
 Concurrent Refinement Workers: 10
 Periodic GC: Disabled
Heap:
 garbage-first heap   total 112640K, used 79115K [0x0000000701600000, 0x0000000800000000)
  region size 2048K, 11 young (22528K), 2 survivors (4096K)
 Metaspace       used 29962K, capacity 30283K, committed 30512K, reserved 1077248K
  class space    used 3275K, capacity 3401K, committed 3456K, reserved 1048576K
GC Heap History (20 events):
Event: 469.084 GC heap before
{Heap before GC invocations=34 (full 0):
 garbage-first heap   total 112640K, used 71329K [0x0000000701600000, 0x0000000800000000)
  region size 2048K, 7 young (14336K), 1 survivors (2048K)
 Metaspace       used 27025K, capacity 27359K, committed 27440K, reserved 1073152K
  class space    used 3053K, capacity 3173K, committed 3200K, reserved 1048576K
}
Event: 469.084 GC heap after
{Heap after GC invocations=35 (full 0):
 garbage-first heap   total 112640K, used 40612K [0x0000000701600000, 0x0000000800000000)
  region size 2048K, 1 young (2048K), 1 survivors (2048K)
 Metaspace       used 27025K, capacity 27359K, committed 27440K, reserved 1073152K
  class space    used 3053K, capacity 3173K, committed 3200K, reserved 1048576K
}
Event: 469.134 GC heap before
{Heap before GC invocations=36 (full 0):
 garbage-first heap   total 112640K, used 65188K [0x0000000701600000, 0x0000000800000000)
  region size 2048K, 8 young (16384K), 1 survivors (2048K)
 Metaspace       used 27025K, capacity 27359K, committed 27440K, reserved 1073152K
  class space    used 3053K, capacity 3173K, committed 3200K, reserved 1048576K
}
Event: 469.135 GC heap after
{Heap after GC invocations=37 (full 0):
 garbage-first heap   total 112640K, used 52895K [0x0000000701600000, 0x0000000800000000)
  region size 2048K, 1 young (2048K), 1 survivors (2048K)
 Metaspace       used 27025K, capacity 27359K, committed 27440K, reserved 1073152K
  class space    used 3053K, capacity 3173K, committed 3200K, reserved 1048576K
}
Event: 469.226 GC heap before
{Heap before GC invocations=38 (full 0):
 garbage-first heap   total 112640K, used 67231K [0x0000000701600000, 0x0000000800000000)
  region size 2048K, 5 young (10240K), 1 survivors (2048K)
 Metaspace       used 27028K, capacity 27359K, committed 27440K, reserved 1073152K
  class space    used 3053K, capacity 3173K, committed 3200K, reserved 1048576K
}
Event: 469.227 GC heap after
{Heap after GC invocations=39 (full 0):
 garbage-first heap   total 112640K, used 40614K [0x0000000701600000, 0x0000000800000000)
  region size 2048K, 1 young (2048K), 1 survivors (2048K)
 Metaspace       used 27028K, capacity 27359K, committed 27440K, reserved 1073152K
  class space    used 3053K, capacity 3173K, committed 3200K, reserved 1048576K
}
Event: 469.279 GC heap before
{Heap before GC invocations=40 (full 0):
 garbage-first heap   total 112640K, used 65190K [0x0000000701600000, 0x0000000800000000)
  region size 2048K, 8 young (16384K), 1 survivors (2048K)
 Metaspace       used 27029K, capacity 27359K, committed 27440K, reserved 1073152K
  class space    used 3053K, capacity 3173K, committed 3200K, reserved 1048576K
}
Event: 469.280 GC heap after
{Heap after GC invocations=41 (full 0):
 garbage-first heap   total 112640K, used 52901K [0x0000000701600000, 0x0000000800000000)
  region size 2048K, 1 young (2048K), 1 survivors (2048K)
 Metaspace       used 27029K, capacity 27359K, committed 27440K, reserved 1073152K
  class space    used 3053K, capacity 3173K, committed 3200K, reserved 1048576K
}
Event: 508.127 GC heap before
{Heap before GC invocations=42 (full 0):
 garbage-first heap   total 112640K, used 73381K [0x0000000701600000, 0x0000000800000000)
  region size 2048K, 8 young (16384K), 1 survivors (2048K)
 Metaspace       used 27035K, capacity 27359K, committed 27440K, reserved 1073152K
  class space    used 3053K, capacity 3173K, committed 3200K, reserved 1048576K
}
Event: 508.128 GC heap after
{Heap after GC invocations=43 (full 0):
 garbage-first heap   total 112640K, used 42452K [0x0000000701600000, 0x0000000800000000)
  region size 2048K, 1 young (2048K), 1 survivors (2048K)
 Metaspace       used 27035K, capacity 27359K, committed 27440K, reserved 1073152K
  class space    used 3053K, capacity 3173K, committed 3200K, reserved 1048576K
}
Event: 793.672 GC heap before
{Heap before GC invocations=44 (full 0):
 garbage-first heap   total 112640K, used 99796K [0x0000000701600000, 0x0000000800000000)
  region size 2048K, 26 young (53248K), 1 survivors (2048K)
 Metaspace       used 27472K, capacity 27775K, committed 28080K, reserved 1075200K
  class space    used 3077K, capacity 3205K, committed 3328K, reserved 1048576K
}
Event: 793.673 GC heap after
{Heap after GC invocations=45 (full 0):
 garbage-first heap   total 112640K, used 47574K [0x0000000701600000, 0x0000000800000000)
  region size 2048K, 2 young (4096K), 2 survivors (4096K)
 Metaspace       used 27472K, capacity 27775K, committed 28080K, reserved 1075200K
  class space    used 3077K, capacity 3205K, committed 3328K, reserved 1048576K
}
Event: 1009.418 GC heap before
{Heap before GC invocations=45 (full 0):
 garbage-first heap   total 112640K, used 90582K [0x0000000701600000, 0x0000000800000000)
  region size 2048K, 23 young (47104K), 2 survivors (4096K)
 Metaspace       used 27774K, capacity 28101K, committed 28336K, reserved 1075200K
  class space    used 3080K, capacity 3207K, committed 3328K, reserved 1048576K
}
Event: 1009.419 GC heap after
{Heap after GC invocations=46 (full 0):
 garbage-first heap   total 112640K, used 47843K [0x0000000701600000, 0x0000000800000000)
  region size 2048K, 2 young (4096K), 2 survivors (4096K)
 Metaspace       used 27774K, capacity 28101K, committed 28336K, reserved 1075200K
  class space    used 3080K, capacity 3207K, committed 3328K, reserved 1048576K
}
Event: 1092.575 GC heap before
{Heap before GC invocations=46 (full 0):
 garbage-first heap   total 112640K, used 80611K [0x0000000701600000, 0x0000000800000000)
  region size 2048K, 19 young (38912K), 2 survivors (4096K)
 Metaspace       used 27839K, capacity 28165K, committed 28336K, reserved 1075200K
  class space    used 3080K, capacity 3207K, committed 3328K, reserved 1048576K
}
Event: 1092.577 GC heap after
{Heap after GC invocations=47 (full 0):
 garbage-first heap   total 112640K, used 53991K [0x0000000701600000, 0x0000000800000000)
  region size 2048K, 3 young (6144K), 3 survivors (6144K)
 Metaspace       used 27839K, capacity 28165K, committed 28336K, reserved 1075200K
  class space    used 3080K, capacity 3207K, committed 3328K, reserved 1048576K
}
Event: 1097.594 GC heap before
{Heap before GC invocations=48 (full 0):
 garbage-first heap   total 112640K, used 60135K [0x0000000701600000, 0x0000000800000000)
  region size 2048K, 6 young (12288K), 3 survivors (6144K)
 Metaspace       used 27843K, capacity 28165K, committed 28336K, reserved 1075200K
  class space    used 3080K, capacity 3207K, committed 3328K, reserved 1048576K
}
Event: 1097.596 GC heap after
{Heap after GC invocations=49 (full 0):
 garbage-first heap   total 112640K, used 55373K [0x0000000701600000, 0x0000000800000000)
  region size 2048K, 2 young (4096K), 2 survivors (4096K)
 Metaspace       used 27843K, capacity 28165K, committed 28336K, reserved 1075200K
  class space    used 3080K, capacity 3207K, committed 3328K, reserved 1048576K
}
Event: 1098.548 GC heap before
{Heap before GC invocations=50 (full 0):
 garbage-first heap   total 112640K, used 55373K [0x0000000701600000, 0x0000000800000000)
  region size 2048K, 3 young (6144K), 2 survivors (4096K)
 Metaspace       used 27876K, capacity 28229K, committed 28592K, reserved 1075200K
  class space    used 3080K, capacity 3207K, committed 3328K, reserved 1048576K
}
Event: 1098.549 GC heap after
{Heap after GC invocations=51 (full 0):
 garbage-first heap   total 112640K, used 54539K [0x0000000701600000, 0x0000000800000000)
  region size 2048K, 2 young (4096K), 2 survivors (4096K)
 Metaspace       used 27876K, capacity 28229K, committed 28592K, reserved 1075200K
  class space    used 3080K, capacity 3207K, committed 3328K, reserved 1048576K
}

