# JRE version: Java(TM) SE Runtime Environment 18.9 (11.0.11+9) (build 11.0.11+9-LTS-194)
# Java VM: Java HotSpot(TM) 64-Bit Server VM 18.9 (11.0.11+9-LTS-194, mixed mode, tiered, compressed oops, g1 gc, windows-amd64)
Heap:
 garbage-first heap   total 522240K, used 61269K [0x0000000602800000, 0x0000000800000000)
  region size 2048K, 17 young (34816K), 4 survivors (8192K)
 Metaspace       used 35339K, capacity 36041K, committed 36172K, reserved 1081344K
  class space    used 3948K, capacity 4242K, committed 4352K, reserved 1048576K
GC Heap History (8 events):
Event: 0.918 GC heap before
{Heap before GC invocations=0 (full 0):
 garbage-first heap   total 522240K, used 22528K [0x0000000602800000, 0x0000000800000000)
  region size 2048K, 12 young (24576K), 0 survivors (0K)
 Metaspace       used 20601K, capacity 21111K, committed 21248K, reserved 1069056K
  class space    used 2219K, capacity 2470K, committed 2560K, reserved 1048576K
}
Event: 0.924 GC heap after
{Heap after GC invocations=1 (full 0):
 garbage-first heap   total 522240K, used 6044K [0x0000000602800000, 0x0000000800000000)
  region size 2048K, 2 young (4096K), 2 survivors (4096K)
 Metaspace       used 20601K, capacity 21111K, committed 21248K, reserved 1069056K
  class space    used 2219K, capacity 2470K, committed 2560K, reserved 1048576K
}
Event: 1.897 GC heap before
{Heap before GC invocations=2 (full 0):
 garbage-first heap   total 522240K, used 24476K [0x0000000602800000, 0x0000000800000000)
  region size 2048K, 12 young (24576K), 2 survivors (4096K)
 Metaspace       used 28816K, capacity 29373K, committed 29568K, reserved 1075200K
  class space    used 3342K, capacity 3596K, committed 3712K, reserved 1048576K
}
Event: 1.901 GC heap after
{Heap after GC invocations=3 (full 0):
 garbage-first heap   total 522240K, used 8899K [0x0000000602800000, 0x0000000800000000)
  region size 2048K, 2 young (4096K), 2 survivors (4096K)
 Metaspace       used 28816K, capacity 29373K, committed 29568K, reserved 1075200K
  class space    used 3342K, capacity 3596K, committed 3712K, reserved 1048576K
}
Event: 25.927 GC heap before
{Heap before GC invocations=3 (full 0):
 garbage-first heap   total 522240K, used 88771K [0x0000000602800000, 0x0000000800000000)
  region size 2048K, 26 young (53248K), 2 survivors (4096K)
 Metaspace       used 32022K, capacity 32725K, committed 32896K, reserved 1079296K
  class space    used 3628K, capacity 3926K, committed 3968K, reserved 1048576K
}
Event: 25.929 GC heap after
{Heap after GC invocations=4 (full 0):
 garbage-first heap   total 522240K, used 10923K [0x0000000602800000, 0x0000000800000000)
  region size 2048K, 3 young (6144K), 3 survivors (6144K)
 Metaspace       used 32022K, capacity 32725K, committed 32896K, reserved 1079296K
  class space    used 3628K, capacity 3926K, committed 3968K, reserved 1048576K
}
Event: 130.549 GC heap before
{Heap before GC invocations=4 (full 0):
 garbage-first heap   total 522240K, used 62123K [0x0000000602800000, 0x0000000800000000)
  region size 2048K, 25 young (51200K), 3 survivors (6144K)
 Metaspace       used 35049K, capacity 35748K, committed 35840K, reserved 1081344K
  class space    used 3918K, capacity 4209K, committed 4224K, reserved 1048576K
}
Event: 130.552 GC heap after
{Heap after GC invocations=5 (full 0):
 garbage-first heap   total 522240K, used 22357K [0x0000000602800000, 0x0000000800000000)
  region size 2048K, 4 young (8192K), 4 survivors (8192K)
 Metaspace       used 35049K, capacity 35748K, committed 35840K, reserved 1081344K
  class space    used 3918K, capacity 4209K, committed 4224K, reserved 1048576K
}

