# JRE version: Java(TM) SE Runtime Environment (16.0.1+9) (build 16.0.1+9-24)
# Java VM: Java HotSpot(TM) 64-Bit Server VM (16.0.1+9-24, mixed mode, sharing, tiered, compressed oops, compressed class ptrs, g1 gc, windows-amd64)
GC Precious Log:
 CPUs: 12 total, 12 available
 Memory: 32606M
 Large Page Support: Disabled
 NUMA Support: Disabled
 Compressed Oops: Enabled (Zero based)
 Heap Region Size: 4M
 Heap Min Capacity: 8M
 Heap Initial Capacity: 512M
 Heap Max Capacity: 8152M
 Pre-touch: Disabled
 Parallel Workers: 10
 Concurrent Workers: 3
 Concurrent Refinement Workers: 10
 Periodic GC: Disabled
Heap:
 garbage-first heap   total 57344K, used 21541K [0x0000000602800000, 0x0000000800000000)
  region size 4096K, 2 young (8192K), 1 survivors (4096K)
 Metaspace       used 25202K, committed 25408K, reserved 1073152K
  class space    used 2859K, committed 2944K, reserved 1048576K
GC Heap History (14 events):
Event: 1.015 GC heap before
{Heap before GC invocations=0 (full 0):
 garbage-first heap   total 524288K, used 20480K [0x0000000602800000, 0x0000000800000000)
  region size 4096K, 6 young (24576K), 0 survivors (0K)
 Metaspace       used 14385K, committed 14528K, reserved 1064960K
  class space    used 1595K, committed 1664K, reserved 1048576K
}
Event: 1.020 GC heap after
{Heap after GC invocations=1 (full 0):
 garbage-first heap   total 524288K, used 6322K [0x0000000602800000, 0x0000000800000000)
  region size 4096K, 1 young (4096K), 1 survivors (4096K)
 Metaspace       used 14385K, committed 14528K, reserved 1064960K
  class space    used 1595K, committed 1664K, reserved 1048576K
}
Event: 1.759 GC heap before
{Heap before GC invocations=1 (full 0):
 garbage-first heap   total 524288K, used 14514K [0x0000000602800000, 0x0000000800000000)
  region size 4096K, 5 young (20480K), 1 survivors (4096K)
 Metaspace       used 21067K, committed 21248K, reserved 1073152K
  class space    used 2512K, committed 2560K, reserved 1048576K
}
Event: 1.762 GC heap after
{Heap after GC invocations=2 (full 0):
 garbage-first heap   total 524288K, used 9365K [0x0000000602800000, 0x0000000800000000)
  region size 4096K, 1 young (4096K), 1 survivors (4096K)
 Metaspace       used 21067K, committed 21248K, reserved 1073152K
  class space    used 2512K, committed 2560K, reserved 1048576K
}
Event: 8.002 GC heap before
{Heap before GC invocations=3 (full 0):
 garbage-first heap   total 57344K, used 42133K [0x0000000602800000, 0x0000000800000000)
  region size 4096K, 10 young (40960K), 1 survivors (4096K)
 Metaspace       used 22734K, committed 22976K, reserved 1073152K
  class space    used 2633K, committed 2752K, reserved 1048576K
}
Event: 8.004 GC heap after
{Heap after GC invocations=4 (full 0):
 garbage-first heap   total 57344K, used 11217K [0x0000000602800000, 0x0000000800000000)
  region size 4096K, 2 young (8192K), 2 survivors (8192K)
 Metaspace       used 22734K, committed 22976K, reserved 1073152K
  class space    used 2633K, committed 2752K, reserved 1048576K
}
Event: 8.096 GC heap before
{Heap before GC invocations=4 (full 0):
 garbage-first heap   total 57344K, used 23505K [0x0000000602800000, 0x0000000800000000)
  region size 4096K, 6 young (24576K), 2 survivors (8192K)
 Metaspace       used 22766K, committed 23040K, reserved 1073152K
  class space    used 2633K, committed 2752K, reserved 1048576K
}
Event: 8.098 GC heap after
{Heap after GC invocations=5 (full 0):
 garbage-first heap   total 57344K, used 11367K [0x0000000602800000, 0x0000000800000000)
  region size 4096K, 1 young (4096K), 1 survivors (4096K)
 Metaspace       used 22766K, committed 23040K, reserved 1073152K
  class space    used 2633K, committed 2752K, reserved 1048576K
}
Event: 26.318 GC heap before
{Heap before GC invocations=5 (full 0):
 garbage-first heap   total 57344K, used 35943K [0x0000000602800000, 0x0000000800000000)
  region size 4096K, 6 young (24576K), 1 survivors (4096K)
 Metaspace       used 23591K, committed 23808K, reserved 1073152K
  class space    used 2716K, committed 2816K, reserved 1048576K
}
Event: 26.320 GC heap after
{Heap after GC invocations=6 (full 0):
 garbage-first heap   total 57344K, used 19777K [0x0000000602800000, 0x0000000800000000)
  region size 4096K, 1 young (4096K), 1 survivors (4096K)
 Metaspace       used 23591K, committed 23808K, reserved 1073152K
  class space    used 2716K, committed 2816K, reserved 1048576K
}
Event: 26.626 GC heap before
{Heap before GC invocations=6 (full 0):
 garbage-first heap   total 57344K, used 19777K [0x0000000602800000, 0x0000000800000000)
  region size 4096K, 2 young (8192K), 1 survivors (4096K)
 Metaspace       used 23592K, committed 23808K, reserved 1073152K
  class space    used 2716K, committed 2816K, reserved 1048576K
}
Event: 26.653 GC heap after
{Heap after GC invocations=7 (full 1):
 garbage-first heap   total 57344K, used 19326K [0x0000000602800000, 0x0000000800000000)
  region size 4096K, 0 young (0K), 0 survivors (0K)
 Metaspace       used 23592K, committed 23808K, reserved 1073152K
  class space    used 2716K, committed 2816K, reserved 1048576K
}
Event: 26.825 GC heap before
{Heap before GC invocations=7 (full 1):
 garbage-first heap   total 57344K, used 35710K [0x0000000602800000, 0x0000000800000000)
  region size 4096K, 4 young (16384K), 0 survivors (0K)
 Metaspace       used 25077K, committed 25280K, reserved 1073152K
  class space    used 2846K, committed 2944K, reserved 1048576K
}
Event: 26.826 GC heap after
{Heap after GC invocations=8 (full 1):
 garbage-first heap   total 57344K, used 21541K [0x0000000602800000, 0x0000000800000000)
  region size 4096K, 1 young (4096K), 1 survivors (4096K)
 Metaspace       used 25077K, committed 25280K, reserved 1073152K
  class space    used 2846K, committed 2944K, reserved 1048576K
}

