# JRE version: Java(TM) SE Runtime Environment 18.9 (11.0.11+9) (build 11.0.11+9-LTS-194)
# Java VM: Java HotSpot(TM) 64-Bit Server VM 18.9 (11.0.11+9-LTS-194, mixed mode, tiered, compressed oops, g1 gc, windows-amd64)
Heap:
 garbage-first heap   total 96256K, used 36040K [0x0000000602800000, 0x0000000800000000)
  region size 2048K, 10 young (20480K), 0 survivors (0K)
 Metaspace       used 34855K, capacity 35552K, committed 35712K, reserved 1081344K
  class space    used 3904K, capacity 4208K, committed 4224K, reserved 1048576K
GC Heap History (8 events):
Event: 1.071 GC heap before
{Heap before GC invocations=0 (full 0):
 garbage-first heap   total 522240K, used 20480K [0x0000000602800000, 0x0000000800000000)
  region size 2048K, 12 young (24576K), 0 survivors (0K)
 Metaspace       used 20616K, capacity 21111K, committed 21248K, reserved 1069056K
  class space    used 2223K, capacity 2470K, committed 2560K, reserved 1048576K
}
Event: 1.077 GC heap after
{Heap after GC invocations=1 (full 0):
 garbage-first heap   total 522240K, used 6255K [0x0000000602800000, 0x0000000800000000)
  region size 2048K, 2 young (4096K), 2 survivors (4096K)
 Metaspace       used 20616K, capacity 21111K, committed 21248K, reserved 1069056K
  class space    used 2223K, capacity 2470K, committed 2560K, reserved 1048576K
}
Event: 2.037 GC heap before
{Heap before GC invocations=2 (full 0):
 garbage-first heap   total 522240K, used 26735K [0x0000000602800000, 0x0000000800000000)
  region size 2048K, 12 young (24576K), 2 survivors (4096K)
 Metaspace       used 28586K, capacity 29114K, committed 29184K, reserved 1075200K
  class space    used 3292K, capacity 3531K, committed 3584K, reserved 1048576K
}
Event: 2.041 GC heap after
{Heap after GC invocations=3 (full 0):
 garbage-first heap   total 522240K, used 8852K [0x0000000602800000, 0x0000000800000000)
  region size 2048K, 2 young (4096K), 2 survivors (4096K)
 Metaspace       used 28586K, capacity 29114K, committed 29184K, reserved 1075200K
  class space    used 3292K, capacity 3531K, committed 3584K, reserved 1048576K
}
Event: 8.535 GC heap before
{Heap before GC invocations=3 (full 0):
 garbage-first heap   total 522240K, used 90772K [0x0000000602800000, 0x0000000800000000)
  region size 2048K, 27 young (55296K), 2 survivors (4096K)
 Metaspace       used 31970K, capacity 32662K, committed 32896K, reserved 1079296K
  class space    used 3627K, capacity 3926K, committed 3968K, reserved 1048576K
}
Event: 8.538 GC heap after
{Heap after GC invocations=4 (full 0):
 garbage-first heap   total 522240K, used 13483K [0x0000000602800000, 0x0000000800000000)
  region size 2048K, 3 young (6144K), 3 survivors (6144K)
 Metaspace       used 31970K, capacity 32662K, committed 32896K, reserved 1079296K
  class space    used 3627K, capacity 3926K, committed 3968K, reserved 1048576K
}
Event: 18.125 GC heap before
{Heap before GC invocations=4 (full 0):
 garbage-first heap   total 522240K, used 72875K [0x0000000602800000, 0x0000000800000000)
  region size 2048K, 20 young (40960K), 3 survivors (6144K)
 Metaspace       used 33192K, capacity 33836K, committed 34048K, reserved 1079296K
  class space    used 3760K, capacity 4040K, committed 4096K, reserved 1048576K
}
Event: 18.144 GC heap after
{Heap after GC invocations=5 (full 1):
 garbage-first heap   total 96256K, used 19656K [0x0000000602800000, 0x0000000800000000)
  region size 2048K, 0 young (0K), 0 survivors (0K)
 Metaspace       used 33192K, capacity 33836K, committed 34048K, reserved 1079296K
  class space    used 3760K, capacity 4040K, committed 4096K, reserved 1048576K
}

