# JRE version: Java(TM) SE Runtime Environment 18.9 (11.0.11+9) (build 11.0.11+9-LTS-194)
# Java VM: Java HotSpot(TM) 64-Bit Server VM 18.9 (11.0.11+9-LTS-194, mixed mode, tiered, compressed oops, g1 gc, windows-amd64)
Heap:
 garbage-first heap   total 522240K, used 28304K [0x0000000602800000, 0x0000000800000000)
  region size 2048K, 8 young (16384K), 4 survivors (8192K)
 Metaspace       used 34388K, capacity 35069K, committed 35200K, reserved 1081344K
  class space    used 3867K, capacity 4130K, committed 4224K, reserved 1048576K
GC Heap History (6 events):
Event: 0.798 GC heap before
{Heap before GC invocations=0 (full 0):
 garbage-first heap   total 522240K, used 22528K [0x0000000602800000, 0x0000000800000000)
  region size 2048K, 12 young (24576K), 0 survivors (0K)
 Metaspace       used 20609K, capacity 21112K, committed 21248K, reserved 1069056K
  class space    used 2226K, capacity 2470K, committed 2560K, reserved 1048576K
}
Event: 0.803 GC heap after
{Heap after GC invocations=1 (full 0):
 garbage-first heap   total 522240K, used 6095K [0x0000000602800000, 0x0000000800000000)
  region size 2048K, 2 young (4096K), 2 survivors (4096K)
 Metaspace       used 20609K, capacity 21112K, committed 21248K, reserved 1069056K
  class space    used 2226K, capacity 2470K, committed 2560K, reserved 1048576K
}
Event: 2.015 GC heap before
{Heap before GC invocations=2 (full 0):
 garbage-first heap   total 522240K, used 26575K [0x0000000602800000, 0x0000000800000000)
  region size 2048K, 12 young (24576K), 2 survivors (4096K)
 Metaspace       used 28577K, capacity 29117K, committed 29184K, reserved 1075200K
  class space    used 3291K, capacity 3532K, committed 3584K, reserved 1048576K
}
Event: 2.020 GC heap after
{Heap after GC invocations=3 (full 0):
 garbage-first heap   total 522240K, used 9377K [0x0000000602800000, 0x0000000800000000)
  region size 2048K, 2 young (4096K), 2 survivors (4096K)
 Metaspace       used 28577K, capacity 29117K, committed 29184K, reserved 1075200K
  class space    used 3291K, capacity 3532K, committed 3584K, reserved 1048576K
}
Event: 17.868 GC heap before
{Heap before GC invocations=3 (full 0):
 garbage-first heap   total 522240K, used 79009K [0x0000000602800000, 0x0000000800000000)
  region size 2048K, 25 young (51200K), 2 survivors (4096K)
 Metaspace       used 34176K, capacity 34860K, committed 35200K, reserved 1081344K
  class space    used 3843K, capacity 4123K, committed 4224K, reserved 1048576K
}
Event: 17.871 GC heap after
{Heap after GC invocations=4 (full 0):
 garbage-first heap   total 522240K, used 22160K [0x0000000602800000, 0x0000000800000000)
  region size 2048K, 4 young (8192K), 4 survivors (8192K)
 Metaspace       used 34176K, capacity 34860K, committed 35200K, reserved 1081344K
  class space    used 3843K, capacity 4123K, committed 4224K, reserved 1048576K
}

