# JRE version: Java(TM) SE Runtime Environment 18.9 (11.0.11+9) (build 11.0.11+9-LTS-194)
# Java VM: Java HotSpot(TM) 64-Bit Server VM 18.9 (11.0.11+9-LTS-194, mixed mode, tiered, compressed oops, g1 gc, windows-amd64)
Heap:
 garbage-first heap   total 96256K, used 36028K [0x0000000602800000, 0x0000000800000000)
  region size 2048K, 10 young (20480K), 0 survivors (0K)
 Metaspace       used 34830K, capacity 35488K, committed 35712K, reserved 1081344K
  class space    used 3904K, capacity 4208K, committed 4224K, reserved 1048576K
GC Heap History (8 events):
Event: 0.993 GC heap before
{Heap before GC invocations=0 (full 0):
 garbage-first heap   total 522240K, used 22528K [0x0000000602800000, 0x0000000800000000)
  region size 2048K, 12 young (24576K), 0 survivors (0K)
 Metaspace       used 20603K, capacity 21115K, committed 21248K, reserved 1069056K
  class space    used 2226K, capacity 2470K, committed 2560K, reserved 1048576K
}
Event: 0.998 GC heap after
{Heap after GC invocations=1 (full 0):
 garbage-first heap   total 522240K, used 6047K [0x0000000602800000, 0x0000000800000000)
  region size 2048K, 2 young (4096K), 2 survivors (4096K)
 Metaspace       used 20603K, capacity 21115K, committed 21248K, reserved 1069056K
  class space    used 2226K, capacity 2470K, committed 2560K, reserved 1048576K
}
Event: 2.410 GC heap before
{Heap before GC invocations=2 (full 0):
 garbage-first heap   total 522240K, used 24479K [0x0000000602800000, 0x0000000800000000)
  region size 2048K, 12 young (24576K), 2 survivors (4096K)
 Metaspace       used 28819K, capacity 29374K, committed 29568K, reserved 1075200K
  class space    used 3342K, capacity 3596K, committed 3712K, reserved 1048576K
}
Event: 2.414 GC heap after
{Heap after GC invocations=3 (full 0):
 garbage-first heap   total 522240K, used 8709K [0x0000000602800000, 0x0000000800000000)
  region size 2048K, 2 young (4096K), 2 survivors (4096K)
 Metaspace       used 28819K, capacity 29374K, committed 29568K, reserved 1075200K
  class space    used 3342K, capacity 3596K, committed 3712K, reserved 1048576K
}
Event: 15.936 GC heap before
{Heap before GC invocations=3 (full 0):
 garbage-first heap   total 522240K, used 88581K [0x0000000602800000, 0x0000000800000000)
  region size 2048K, 26 young (53248K), 2 survivors (4096K)
 Metaspace       used 32395K, capacity 33043K, committed 33280K, reserved 1079296K
  class space    used 3693K, capacity 3971K, committed 4096K, reserved 1048576K
}
Event: 15.939 GC heap after
{Heap after GC invocations=4 (full 0):
 garbage-first heap   total 522240K, used 13507K [0x0000000602800000, 0x0000000800000000)
  region size 2048K, 3 young (6144K), 3 survivors (6144K)
 Metaspace       used 32395K, capacity 33043K, committed 33280K, reserved 1079296K
  class space    used 3693K, capacity 3971K, committed 4096K, reserved 1048576K
}
Event: 32.126 GC heap before
{Heap before GC invocations=4 (full 0):
 garbage-first heap   total 522240K, used 62659K [0x0000000602800000, 0x0000000800000000)
  region size 2048K, 17 young (34816K), 3 survivors (6144K)
 Metaspace       used 33182K, capacity 33836K, committed 34048K, reserved 1079296K
  class space    used 3761K, capacity 4040K, committed 4096K, reserved 1048576K
}
Event: 32.143 GC heap after
{Heap after GC invocations=5 (full 1):
 garbage-first heap   total 96256K, used 19644K [0x0000000602800000, 0x0000000800000000)
  region size 2048K, 0 young (0K), 0 survivors (0K)
 Metaspace       used 33182K, capacity 33836K, committed 34048K, reserved 1079296K
  class space    used 3761K, capacity 4040K, committed 4096K, reserved 1048576K
}

