# JRE version: Java(TM) SE Runtime Environment 18.9 (11.0.11+9) (build 11.0.11+9-LTS-194)
# Java VM: Java HotSpot(TM) 64-Bit Server VM 18.9 (11.0.11+9-LTS-194, mixed mode, tiered, compressed oops, g1 gc, windows-amd64)
Heap:
 garbage-first heap   total 96256K, used 36034K [0x0000000602800000, 0x0000000800000000)
  region size 2048K, 10 young (20480K), 0 survivors (0K)
 Metaspace       used 34833K, capacity 35551K, committed 35712K, reserved 1081344K
  class space    used 3904K, capacity 4208K, committed 4224K, reserved 1048576K
GC Heap History (8 events):
Event: 0.873 GC heap before
{Heap before GC invocations=0 (full 0):
 garbage-first heap   total 522240K, used 20480K [0x0000000602800000, 0x0000000800000000)
  region size 2048K, 12 young (24576K), 0 survivors (0K)
 Metaspace       used 20582K, capacity 21112K, committed 21248K, reserved 1069056K
  class space    used 2218K, capacity 2470K, committed 2560K, reserved 1048576K
}
Event: 0.878 GC heap after
{Heap after GC invocations=1 (full 0):
 garbage-first heap   total 522240K, used 6082K [0x0000000602800000, 0x0000000800000000)
  region size 2048K, 2 young (4096K), 2 survivors (4096K)
 Metaspace       used 20582K, capacity 21112K, committed 21248K, reserved 1069056K
  class space    used 2218K, capacity 2470K, committed 2560K, reserved 1048576K
}
Event: 1.806 GC heap before
{Heap before GC invocations=2 (full 0):
 garbage-first heap   total 522240K, used 26562K [0x0000000602800000, 0x0000000800000000)
  region size 2048K, 12 young (24576K), 2 survivors (4096K)
 Metaspace       used 28617K, capacity 29177K, committed 29440K, reserved 1075200K
  class space    used 3292K, capacity 3531K, committed 3584K, reserved 1048576K
}
Event: 1.811 GC heap after
{Heap after GC invocations=3 (full 0):
 garbage-first heap   total 522240K, used 8851K [0x0000000602800000, 0x0000000800000000)
  region size 2048K, 2 young (4096K), 2 survivors (4096K)
 Metaspace       used 28617K, capacity 29177K, committed 29440K, reserved 1075200K
  class space    used 3292K, capacity 3531K, committed 3584K, reserved 1048576K
}
Event: 9.766 GC heap before
{Heap before GC invocations=3 (full 0):
 garbage-first heap   total 522240K, used 88723K [0x0000000602800000, 0x0000000800000000)
  region size 2048K, 26 young (53248K), 2 survivors (4096K)
 Metaspace       used 32422K, capacity 33044K, committed 33280K, reserved 1079296K
  class space    used 3691K, capacity 3971K, committed 4096K, reserved 1048576K
}
Event: 9.768 GC heap after
{Heap after GC invocations=4 (full 0):
 garbage-first heap   total 522240K, used 11189K [0x0000000602800000, 0x0000000800000000)
  region size 2048K, 3 young (6144K), 3 survivors (6144K)
 Metaspace       used 32422K, capacity 33044K, committed 33280K, reserved 1079296K
  class space    used 3691K, capacity 3971K, committed 4096K, reserved 1048576K
}
Event: 23.089 GC heap before
{Heap before GC invocations=4 (full 0):
 garbage-first heap   total 522240K, used 60341K [0x0000000602800000, 0x0000000800000000)
  region size 2048K, 17 young (34816K), 3 survivors (6144K)
 Metaspace       used 33170K, capacity 33835K, committed 34048K, reserved 1079296K
  class space    used 3760K, capacity 4040K, committed 4096K, reserved 1048576K
}
Event: 23.108 GC heap after
{Heap after GC invocations=5 (full 1):
 garbage-first heap   total 96256K, used 19650K [0x0000000602800000, 0x0000000800000000)
  region size 2048K, 0 young (0K), 0 survivors (0K)
 Metaspace       used 33170K, capacity 33835K, committed 34048K, reserved 1079296K
  class space    used 3760K, capacity 4040K, committed 4096K, reserved 1048576K
}

